<?xml version="1.0" encoding="UTF-8"?>
<!-- Generated by org.testng.reporters.JUnitReportReporter -->
<testsuite hostname="Education" name="com.org.leaningMaven.JukinMedia" tests="1" failures="0" timestamp="3 Mar 2016 00:43:23 GMT" time="0.043" errors="0">
  <testcase name="getBrowser" time="0.043" classname="com.org.leaningMaven.JukinMedia"/>
</testsuite> <!-- com.org.leaningMaven.JukinMedia -->
