<?xml version="1.0" encoding="UTF-8"?>
<!-- Generated by org.testng.reporters.JUnitReportReporter -->
<testsuite hostname="Education" name="com.org.leaningMaven.FireFoxDr" tests="12" failures="0" timestamp="3 Mar 2016 00:59:08 GMT" time="123.222" errors="0">
  <testcase name="test1" time="11.552" classname="com.org.leaningMaven.FireFoxDr"/>
  <testcase name="test8" time="10.513" classname="com.org.leaningMaven.FireFoxDr"/>
  <testcase name="test9" time="9.390" classname="com.org.leaningMaven.FireFoxDr"/>
  <testcase name="test10" time="10.121" classname="com.org.leaningMaven.FireFoxDr"/>
  <testcase name="test2" time="9.154" classname="com.org.leaningMaven.FireFoxDr"/>
  <testcase name="test12" time="10.770" classname="com.org.leaningMaven.FireFoxDr"/>
  <testcase name="test6" time="11.684" classname="com.org.leaningMaven.FireFoxDr"/>
  <testcase name="test3" time="9.966" classname="com.org.leaningMaven.FireFoxDr"/>
  <testcase name="test5" time="10.198" classname="com.org.leaningMaven.FireFoxDr"/>
  <testcase name="test4" time="9.183" classname="com.org.leaningMaven.FireFoxDr"/>
  <testcase name="test7" time="10.268" classname="com.org.leaningMaven.FireFoxDr"/>
  <testcase name="test11" time="10.423" classname="com.org.leaningMaven.FireFoxDr"/>
</testsuite> <!-- com.org.leaningMaven.FireFoxDr -->
